f:\学习资料\计算机图形学\raycasting\raycasting\debug\raycasting.pch
f:\学习资料\计算机图形学\raycasting\raycasting\debug\vc120.pdb
f:\学习资料\计算机图形学\raycasting\raycasting\debug\vc120.idb
f:\学习资料\计算机图形学\raycasting\raycasting\debug\stdafx.obj
f:\学习资料\计算机图形学\raycasting\raycasting\debug\image.obj
f:\学习资料\计算机图形学\raycasting\raycasting\debug\main.obj
f:\学习资料\计算机图形学\raycasting\raycasting\debug\matrix.obj
f:\学习资料\计算机图形学\raycasting\raycasting\debug\scene_parser.obj
f:\学习资料\计算机图形学\raycasting\debug\raycasting.ilk
f:\学习资料\计算机图形学\raycasting\debug\raycasting.exe
f:\学习资料\计算机图形学\raycasting\debug\raycasting.pdb
f:\学习资料\计算机图形学\project\raycasting-assignment1\raycasting\debug\image.obj
f:\学习资料\计算机图形学\project\raycasting-assignment1\raycasting\debug\main.obj
f:\学习资料\计算机图形学\project\raycasting-assignment1\raycasting\debug\matrix.obj
f:\学习资料\计算机图形学\project\raycasting-assignment1\raycasting\debug\scene_parser.obj
f:\学习资料\计算机图形学\project\raycasting-assignment1\raycasting\debug\stdafx.obj
f:\学习资料\计算机图形学\project\raycasting-assignment1\raycasting\debug\raycasting.pch
f:\学习资料\计算机图形学\project\raycasting-assignment1\raycasting\debug\vc120.idb
f:\学习资料\计算机图形学\project\raycasting-assignment1\raycasting\debug\vc120.pdb
f:\学习资料\计算机图形学\project\raycasting-assignment1\debug\raycasting.pdb
f:\学习资料\计算机图形学\project\raycasting-assignment1\debug\raycasting.exe
f:\学习资料\计算机图形学\project\raycasting-assignment1\debug\raycasting.ilk
f:\学习资料\计算机图形学\project\raycasting-assignment1\raycasting\debug\raycasting.tlog\cl.command.1.tlog
f:\学习资料\计算机图形学\project\raycasting-assignment1\raycasting\debug\raycasting.tlog\cl.read.1.tlog
f:\学习资料\计算机图形学\project\raycasting-assignment1\raycasting\debug\raycasting.tlog\cl.write.1.tlog
f:\学习资料\计算机图形学\project\raycasting-assignment1\raycasting\debug\raycasting.tlog\link.command.1.tlog
f:\学习资料\计算机图形学\project\raycasting-assignment1\raycasting\debug\raycasting.tlog\link.read.1.tlog
f:\学习资料\计算机图形学\project\raycasting-assignment1\raycasting\debug\raycasting.tlog\link.write.1.tlog
