生成启动时间为 2016/10/29 22:49:25。
     1>项目“F:\学习资料\计算机图形学\Project\RayCasting-Assignment1\RayCasting\RayCasting.vcxproj”在节点 2 上(Rebuild 个目标)。
     1>_PrepareForClean:
         正在删除文件“Debug\RayCasting.tlog\RayCasting.lastbuildstate”。
       InitializeBuildStatus:
         正在创建“Debug\RayCasting.tlog\unsuccessfulbuild”，因为已指定“AlwaysCreate”。
       ClCompile:
         G:\Microsoft Visual Studio 2013\VC\bin\CL.exe /c /ZI /nologo /W3 /WX- /sdl /Od /Oy- /D WIN32 /D _DEBUG /D _CONSOLE /D _LIB /D _UNICODE /D UNICODE /Gm /EHsc /RTC1 /MDd /GS /fp:precise /Zc:wchar_t /Zc:forScope /Yc"stdafx.h" /Fp"Debug\RayCasting.pch" /Fo"Debug\\" /Fd"Debug\vc120.pdb" /Gd /TP /analyze- /errorReport:prompt /D _CRT_SECURE_NO_WARNINGS stdafx.cpp
         stdafx.cpp
         G:\Microsoft Visual Studio 2013\VC\bin\CL.exe /c /ZI /nologo /W3 /WX- /sdl /Od /Oy- /D WIN32 /D _DEBUG /D _CONSOLE /D _LIB /D _UNICODE /D UNICODE /Gm /EHsc /RTC1 /MDd /GS /fp:precise /Zc:wchar_t /Zc:forScope /Fo"Debug\\" /Fd"Debug\vc120.pdb" /Gd /TP /analyze- /errorReport:prompt /D _CRT_SECURE_NO_WARNINGS image.cpp main.cpp matrix.cpp scene_parser.cpp
         scene_parser.cpp
         matrix.cpp
         main.cpp
     1>f:\学习资料\计算机图形学\project\raycasting-assignment1\raycasting\main.cpp(46): warning C4244: “=”: 从“double”转换到“float”，可能丢失数据
     1>f:\学习资料\计算机图形学\project\raycasting-assignment1\raycasting\main.cpp(48): warning C4244: “=”: 从“double”转换到“float”，可能丢失数据
     1>f:\学习资料\计算机图形学\project\raycasting-assignment1\raycasting\main.cpp(85): warning C4305: “参数”: 从“int”到“float”截断
     1>f:\学习资料\计算机图形学\project\raycasting-assignment1\raycasting\main.cpp(86): warning C4305: “初始化”: 从“int”到“float”截断
         image.cpp
         正在生成代码...
       Link:
         G:\Microsoft Visual Studio 2013\VC\bin\link.exe /ERRORREPORT:PROMPT /OUT:"F:\学习资料\计算机图形学\Project\RayCasting-Assignment1\Debug\RayCasting.exe" /INCREMENTAL /NOLOGO kernel32.lib user32.lib gdi32.lib winspool.lib comdlg32.lib advapi32.lib shell32.lib ole32.lib oleaut32.lib uuid.lib odbc32.lib odbccp32.lib /MANIFEST /MANIFESTUAC:"level='asInvoker' uiAccess='false'" /manifest:embed /DEBUG /PDB:"F:\学习资料\计算机图形学\Project\RayCasting-Assignment1\Debug\RayCasting.pdb" /SUBSYSTEM:CONSOLE /TLBID:1 /DYNAMICBASE /NXCOMPAT /IMPLIB:"F:\学习资料\计算机图形学\Project\RayCasting-Assignment1\Debug\RayCasting.lib" /MACHINE:X86 Debug\image.obj
         Debug\main.obj
         Debug\matrix.obj
         Debug\scene_parser.obj
         Debug\stdafx.obj
         RayCasting.vcxproj -> F:\学习资料\计算机图形学\Project\RayCasting-Assignment1\Debug\RayCasting.exe
       FinalizeBuildStatus:
         正在删除文件“Debug\RayCasting.tlog\unsuccessfulbuild”。
         正在对“Debug\RayCasting.tlog\RayCasting.lastbuildstate”执行 Touch 任务。
     1>已完成生成项目“F:\学习资料\计算机图形学\Project\RayCasting-Assignment1\RayCasting\RayCasting.vcxproj”(Rebuild 个目标)的操作。

生成成功。

已用时间 00:00:02.22
